
<dict>
	cocos2d.x.version: 2.2.1
	cocos2d.x.compiled_with_profiler: false
	cocos2d.x.compiled_with_gl_state_cache: true
	gl.vendor: Intel
	gl.renderer: Intel(R) HD Graphics Family
	gl.version: 3.1.0 - Build 8.15.10.2827
	gl.max_texture_size: 8192
	gl.max_texture_units: 16
	gl.supports_PVRTC: false
	gl.supports_NPOT: true
	gl.supports_BGRA8888: false
	gl.supports_discard_framebuffer: false
	gl.supports_vertex_array_object: true
</dict>
lua_loadChunksFromZIP() - load zip file: E:\cocos2d-x+lua\lua\item\engin\git\devel\quick-cocos2d-x\lib\framework_precompiled\framework_precompiled.zip
lua_loadChunksFromZIP() - loaded chunks count: 62
------------------------------------------------
LOAD LUA FILE: F:/workspace/lua/slotmachine/client//scripts/main.lua
------------------------------------------------
lua_loadChunksFromZIP() - load zip file: F:\workspace\lua\slotmachine\client\res/script/framework_precompiled.zip
lua_loadChunksFromZIP() - loaded chunks count: 62
lua_loadChunksFromZIP() - load zip file: F:\workspace\lua\slotmachine\client\res/script/engin_precompiled.zip
lua_loadChunksFromZIP() - loaded chunks count: 43
[0.1082] [INFO] 
[0.1087] [INFO] # DEBUG                        = 1
[0.1096] [INFO] #
[0.1101] [INFO] # device.platform              = windows
[0.1105] [INFO] # device.model                 = unknown
[0.1108] [INFO] # device.language              = cn
[0.1112] [INFO] # device.writablePath          = F:\workspace\lua\slotmachine\client\\
[0.1118] [INFO] # device.cachePath             = F:\workspace\lua\slotmachine\client\\
[0.1125] [INFO] # device.directorySeparator    = \
[0.1128] [INFO] # device.pathSeparator         = ;
[0.1132] [INFO] #
[0.1152] [INFO] # CONFIG_SCREEN_AUTOSCALE      = FIXED_WIDTH
[0.1154] [INFO] # CONFIG_SCREEN_WIDTH          = 960.00
[0.1160] [INFO] # CONFIG_SCREEN_HEIGHT         = 1706.67
[0.1164] [INFO] # display.widthInPixels        = 540.00
[0.1169] [INFO] # display.heightInPixels       = 960.00
[0.1173] [INFO] # display.contentScaleFactor   = 0.56
[0.1177] [INFO] # display.width                = 960.00
[0.1181] [INFO] # display.height               = 1706.67
[0.1185] [INFO] # display.cx                   = 480.00
[0.1189] [INFO] # display.cy                   = 853.33
[0.1197] [INFO] # display.left                 = 0.00
[0.1203] [INFO] # display.right                = 960.00
[0.1209] [INFO] # display.top                  = 1706.67
[0.1215] [INFO] # display.bottom               = 0.00
[0.1221] [INFO] # display.c_left               = -480.00
[0.1225] [INFO] # display.c_right              = 480.00
[0.1230] [INFO] # display.c_top                = 853.33
[0.1236] [INFO] # display.c_bottom             = -853.33
[0.1240] [INFO] #
[0.1438] [INFO] Scene "BaseScene:onEnter()"
[1.6631] 加载进度：, 50
[1.8703] 加载进度：, 100
[1.8779] [INFO] Scene "BaseScene:onExit()"
[1.8782] [INFO] ----------------------------------------
[1.8788] [INFO] LUA VM MEMORY USED: 1693.92 KB
cocos2d: "cc_fps_images" rc=4 id=2 256 x 32 @ 16 bpp => 16 KB
cocos2d: "F:\workspace\lua\slotmachine\client\\res/fight/Sheet_Map.png" rc=76 id=1 1024 x 2048 @ 32 bpp => 8192 KB
cocos2d: "cc_2x2_white_image" rc=4 id=3 2 x 2 @ 32 bpp => 0 KB
cocos2d: CCTextureCache dumpDebugInfo: 3 textures, for 8208 KB (8.02 MB)
[1.8816] [INFO] ----------------------------------------
[1.8833] [INFO] Scene "BaseScene:onEnter()"
[2.9061] [INFO] Scene "BaseScene:onExit()"
[2.9072] [INFO] ----------------------------------------
[2.9081] [INFO] LUA VM MEMORY USED: 1694.37 KB
cocos2d: "cc_fps_images" rc=4 id=2 256 x 32 @ 16 bpp => 16 KB
cocos2d: "F:\workspace\lua\slotmachine\client\\res/fight/Sheet_Map.png" rc=76 id=1 1024 x 2048 @ 32 bpp => 8192 KB
cocos2d: "cc_2x2_white_image" rc=3 id=3 2 x 2 @ 32 bpp => 0 KB
cocos2d: CCTextureCache dumpDebugInfo: 3 textures, for 8208 KB (8.02 MB)
[2.9128] [INFO] ----------------------------------------
cocos2d: CCSpriteFrameCache: removing unused frame: 0.png
cocos2d: CCSpriteFrameCache: removing unused frame: 1.png
cocos2d: CCSpriteFrameCache: removing unused frame: 2.png
cocos2d: CCSpriteFrameCache: removing unused frame: 3.png
cocos2d: CCSpriteFrameCache: removing unused frame: 4.png
cocos2d: CCSpriteFrameCache: removing unused frame: 5.png
cocos2d: CCSpriteFrameCache: removing unused frame: 6.png
cocos2d: CCSpriteFrameCache: removing unused frame: 7.png
cocos2d: CCSpriteFrameCache: removing unused frame: 8.png
cocos2d: CCSpriteFrameCache: removing unused frame: 9.png
cocos2d: CCSpriteFrameCache: removing unused frame: beijing.png
cocos2d: CCSpriteFrameCache: removing unused frame: btn_click_add.png
cocos2d: CCSpriteFrameCache: removing unused frame: btn_click_circle.png
cocos2d: CCSpriteFrameCache: removing unused frame: btn_click_recharge.png
cocos2d: CCSpriteFrameCache: removing unused frame: btn_normal_add.png
cocos2d: CCSpriteFrameCache: removing unused frame: btn_normal_circle.png
cocos2d: CCSpriteFrameCache: removing unused frame: btn_normal_recharge.png
cocos2d: CCSpriteFrameCache: removing unused frame: btn_normal_start.png
cocos2d: CCSpriteFrameCache: removing unused frame: centerKuang.png
cocos2d: CCSpriteFrameCache: removing unused frame: grid1.png
cocos2d: CCSpriteFrameCache: removing unused frame: grid2.png
cocos2d: CCSpriteFrameCache: removing unused frame: grid3.png
cocos2d: CCSpriteFrameCache: removing unused frame: gridSelect.png
cocos2d: CCSpriteFrameCache: removing unused frame: kuang.png
cocos2d: CCSpriteFrameCache: removing unused frame: txt_add.png
cocos2d: CCSpriteFrameCache: removing unused frame: txt_back.png
cocos2d: CCSpriteFrameCache: removing unused frame: txt_gem.png
cocos2d: CCSpriteFrameCache: removing unused frame: txt_recharge.png
cocos2d: CCSpriteFrameCache: removing unused frame: txt_reduce.png
cocos2d: CCSpriteFrameCache: removing unused frame: txt_start.png
cocos2d: CCSpriteFrameCache: removing unused frame: 按钮1-点击.png
cocos2d: CCSpriteFrameCache: removing unused frame: 数字框.png
cocos2d: CCSpriteFrameCache: removing unused frame: 最下方按钮.png
cocos2d: CCSpriteFrameCache: removing unused frame: 老虎机旧版-效果图.jpg
cocos2d: CCTextureCache: texture: cc_fps_images
cocos2d: CCTextureCache: texture: F:\workspace\lua\slotmachine\client\\res/fight/Sheet_Map.png
cocos2d: CCTextureCache: texture: cc_2x2_white_image
